{"C:\\Users\\MSI\\Desktop\\insat\\GL4\\2 eme semestre\\test\\tp1-vitest-js\\src\\ex1-stringManipulation.js": {"path":"C:\\Users\\MSI\\Desktop\\insat\\GL4\\2 eme semestre\\test\\tp1-vitest-js\\src\\ex1-stringManipulation.js","all":false,"statementMap":{"0":{"start":{"line":1,"column":0},"end":{"line":1,"column":42}},"1":{"start":{"line":2,"column":0},"end":{"line":2,"column":37}},"2":{"start":{"line":3,"column":0},"end":{"line":3,"column":3}}},"s":{"0":1,"1":3,"2":3},"branchMap":{"0":{"type":"branch","line":1,"loc":{"start":{"line":1,"column":7},"end":{"line":3,"column":3}},"locations":[{"start":{"line":1,"column":7},"end":{"line":3,"column":3}}]}},"b":{"0":[3]},"fnMap":{"0":{"name":"transformer","decl":{"start":{"line":1,"column":7},"end":{"line":3,"column":3}},"loc":{"start":{"line":1,"column":7},"end":{"line":3,"column":3}},"line":1}},"f":{"0":3}}
,"C:\\Users\\MSI\\Desktop\\insat\\GL4\\2 eme semestre\\test\\tp1-vitest-js\\src\\ex2-sorting.js": {"path":"C:\\Users\\MSI\\Desktop\\insat\\GL4\\2 eme semestre\\test\\tp1-vitest-js\\src\\ex2-sorting.js","all":false,"statementMap":{"0":{"start":{"line":1,"column":0},"end":{"line":1,"column":1}},"1":{"start":{"line":2,"column":0},"end":{"line":2,"column":36}},"2":{"start":{"line":3,"column":0},"end":{"line":3,"column":32}},"3":{"start":{"line":4,"column":0},"end":{"line":4,"column":42}},"4":{"start":{"line":5,"column":0},"end":{"line":5,"column":48}},"5":{"start":{"line":6,"column":0},"end":{"line":6,"column":38}},"6":{"start":{"line":7,"column":0},"end":{"line":7,"column":32}},"7":{"start":{"line":8,"column":0},"end":{"line":8,"column":34}},"8":{"start":{"line":9,"column":0},"end":{"line":9,"column":30}},"9":{"start":{"line":10,"column":0},"end":{"line":10,"column":9}},"10":{"start":{"line":11,"column":0},"end":{"line":11,"column":7}},"11":{"start":{"line":12,"column":0},"end":{"line":12,"column":5}},"12":{"start":{"line":13,"column":0},"end":{"line":13,"column":17}},"13":{"start":{"line":14,"column":0},"end":{"line":14,"column":3}},"14":{"start":{"line":15,"column":0},"end":{"line":15,"column":0}},"15":{"start":{"line":16,"column":0},"end":{"line":16,"column":32}},"16":{"start":{"line":17,"column":0},"end":{"line":17,"column":4}},"17":{"start":{"line":18,"column":0},"end":{"line":18,"column":41}},"18":{"start":{"line":19,"column":0},"end":{"line":19,"column":71}},"19":{"start":{"line":20,"column":0},"end":{"line":20,"column":6}},"20":{"start":{"line":21,"column":0},"end":{"line":21,"column":28}},"21":{"start":{"line":22,"column":0},"end":{"line":22,"column":38}},"22":{"start":{"line":23,"column":0},"end":{"line":23,"column":6}},"23":{"start":{"line":24,"column":0},"end":{"line":24,"column":23}},"24":{"start":{"line":25,"column":0},"end":{"line":25,"column":6}},"25":{"start":{"line":26,"column":0},"end":{"line":26,"column":6}},"26":{"start":{"line":27,"column":0},"end":{"line":27,"column":3}}},"s":{"0":1,"1":1,"2":0,"3":0,"4":0,"5":0,"6":0,"7":0,"8":0,"9":0,"10":0,"11":0,"12":0,"13":0,"14":1,"15":1,"16":5,"17":5,"18":5,"19":5,"20":5,"21":5,"22":5,"23":5,"24":5,"25":5,"26":5},"branchMap":{"0":{"type":"branch","line":1,"loc":{"start":{"line":1,"column":0},"end":{"line":27,"column":3}},"locations":[{"start":{"line":1,"column":0},"end":{"line":27,"column":3}}]},"1":{"type":"branch","line":1,"loc":{"start":{"line":1,"column":0},"end":{"line":27,"column":3}},"locations":[{"start":{"line":1,"column":0},"end":{"line":27,"column":3}}]},"2":{"type":"branch","line":16,"loc":{"start":{"line":16,"column":9},"end":{"line":27,"column":3}},"locations":[{"start":{"line":16,"column":9},"end":{"line":27,"column":3}}]},"3":{"type":"branch","line":19,"loc":{"start":{"line":19,"column":37},"end":{"line":19,"column":69}},"locations":[{"start":{"line":19,"column":37},"end":{"line":19,"column":69}}]},"4":{"type":"branch","line":22,"loc":{"start":{"line":22,"column":21},"end":{"line":22,"column":36}},"locations":[{"start":{"line":22,"column":21},"end":{"line":22,"column":36}}]}},"b":{"0":[1],"1":[1],"2":[5],"3":[20],"4":[20]},"fnMap":{"0":{"name":"trierNotCorrected","decl":{"start":{"line":2,"column":1},"end":{"line":14,"column":3}},"loc":{"start":{"line":2,"column":1},"end":{"line":14,"column":3}},"line":2},"1":{"name":"trier","decl":{"start":{"line":16,"column":9},"end":{"line":27,"column":3}},"loc":{"start":{"line":16,"column":9},"end":{"line":27,"column":3}},"line":16}},"f":{"0":0,"1":5}}
,"C:\\Users\\MSI\\Desktop\\insat\\GL4\\2 eme semestre\\test\\tp1-vitest-js\\src\\ex3-priceboundary.js": {"path":"C:\\Users\\MSI\\Desktop\\insat\\GL4\\2 eme semestre\\test\\tp1-vitest-js\\src\\ex3-priceboundary.js","all":false,"statementMap":{"0":{"start":{"line":1,"column":0},"end":{"line":1,"column":0}},"1":{"start":{"line":2,"column":0},"end":{"line":2,"column":0}},"2":{"start":{"line":3,"column":0},"end":{"line":3,"column":61}},"3":{"start":{"line":4,"column":0},"end":{"line":4,"column":40}},"4":{"start":{"line":5,"column":0},"end":{"line":5,"column":3}},"5":{"start":{"line":6,"column":0},"end":{"line":6,"column":0}},"6":{"start":{"line":7,"column":0},"end":{"line":7,"column":51}},"7":{"start":{"line":8,"column":0},"end":{"line":8,"column":39}},"8":{"start":{"line":9,"column":0},"end":{"line":9,"column":20}},"9":{"start":{"line":10,"column":0},"end":{"line":10,"column":54}},"10":{"start":{"line":11,"column":0},"end":{"line":11,"column":23}},"11":{"start":{"line":12,"column":0},"end":{"line":12,"column":16}},"12":{"start":{"line":13,"column":0},"end":{"line":13,"column":17}},"13":{"start":{"line":14,"column":0},"end":{"line":14,"column":5}},"14":{"start":{"line":15,"column":0},"end":{"line":15,"column":2}},"15":{"start":{"line":16,"column":0},"end":{"line":16,"column":60}},"16":{"start":{"line":17,"column":0},"end":{"line":17,"column":40}},"17":{"start":{"line":18,"column":0},"end":{"line":18,"column":3}}},"s":{"0":1,"1":1,"2":1,"3":0,"4":0,"5":1,"6":1,"7":6,"8":6,"9":2,"10":2,"11":2,"12":2,"13":2,"14":6,"15":6,"16":6,"17":6},"branchMap":{"0":{"type":"branch","line":7,"loc":{"start":{"line":7,"column":9},"end":{"line":18,"column":3}},"locations":[{"start":{"line":7,"column":9},"end":{"line":18,"column":3}}]},"1":{"type":"branch","line":9,"loc":{"start":{"line":9,"column":19},"end":{"line":14,"column":5}},"locations":[{"start":{"line":9,"column":19},"end":{"line":14,"column":5}}]},"2":{"type":"branch","line":17,"loc":{"start":{"line":17,"column":24},"end":{"line":17,"column":39}},"locations":[{"start":{"line":17,"column":24},"end":{"line":17,"column":39}}]}},"b":{"0":[6],"1":[2],"2":[5]},"fnMap":{"0":{"name":"isPriceInRangeNotCorrected","decl":{"start":{"line":3,"column":7},"end":{"line":5,"column":3}},"loc":{"start":{"line":3,"column":7},"end":{"line":5,"column":3}},"line":3},"1":{"name":"isPriceInRange","decl":{"start":{"line":7,"column":9},"end":{"line":18,"column":3}},"loc":{"start":{"line":7,"column":9},"end":{"line":18,"column":3}},"line":7}},"f":{"0":0,"1":6}}
,"C:\\Users\\MSI\\Desktop\\insat\\GL4\\2 eme semestre\\test\\tp1-vitest-js\\src\\ex4-async.js": {"path":"C:\\Users\\MSI\\Desktop\\insat\\GL4\\2 eme semestre\\test\\tp1-vitest-js\\src\\ex4-async.js","all":false,"statementMap":{"0":{"start":{"line":1,"column":0},"end":{"line":1,"column":0}},"1":{"start":{"line":2,"column":0},"end":{"line":2,"column":0}},"2":{"start":{"line":3,"column":0},"end":{"line":3,"column":41}},"3":{"start":{"line":4,"column":0},"end":{"line":4,"column":63}},"4":{"start":{"line":5,"column":0},"end":{"line":5,"column":23}},"5":{"start":{"line":6,"column":0},"end":{"line":6,"column":53}},"6":{"start":{"line":7,"column":0},"end":{"line":7,"column":5}},"7":{"start":{"line":8,"column":0},"end":{"line":8,"column":39}},"8":{"start":{"line":9,"column":0},"end":{"line":9,"column":96}},"9":{"start":{"line":10,"column":0},"end":{"line":10,"column":3}}},"s":{"0":1,"1":1,"2":1,"3":1,"4":1,"5":0,"6":0,"7":1,"8":1,"9":1},"branchMap":{"0":{"type":"branch","line":3,"loc":{"start":{"line":3,"column":7},"end":{"line":10,"column":3}},"locations":[{"start":{"line":3,"column":7},"end":{"line":10,"column":3}}]},"1":{"type":"branch","line":5,"loc":{"start":{"line":5,"column":22},"end":{"line":7,"column":5}},"locations":[{"start":{"line":5,"column":22},"end":{"line":7,"column":5}}]}},"b":{"0":[1],"1":[0]},"fnMap":{"0":{"name":"fetchRandomUser","decl":{"start":{"line":3,"column":7},"end":{"line":10,"column":3}},"loc":{"start":{"line":3,"column":7},"end":{"line":10,"column":3}},"line":3}},"f":{"0":1}}
,"C:\\Users\\MSI\\Desktop\\insat\\GL4\\2 eme semestre\\test\\tp1-vitest-js\\src\\math.js": {"path":"C:\\Users\\MSI\\Desktop\\insat\\GL4\\2 eme semestre\\test\\tp1-vitest-js\\src\\math.js","all":false,"statementMap":{"0":{"start":{"line":1,"column":0},"end":{"line":1,"column":27}},"1":{"start":{"line":2,"column":0},"end":{"line":2,"column":17}},"2":{"start":{"line":3,"column":0},"end":{"line":3,"column":3}}},"s":{"0":1,"1":1,"2":1},"branchMap":{"0":{"type":"branch","line":1,"loc":{"start":{"line":1,"column":7},"end":{"line":3,"column":3}},"locations":[{"start":{"line":1,"column":7},"end":{"line":3,"column":3}}]}},"b":{"0":[1]},"fnMap":{"0":{"name":"add","decl":{"start":{"line":1,"column":7},"end":{"line":3,"column":3}},"loc":{"start":{"line":1,"column":7},"end":{"line":3,"column":3}},"line":1}},"f":{"0":1}}
}
